<?xml version="1.0" encoding="UTF-8"?>
<!DOCTYPE beans PUBLIC "-//SPRING//DTD BEAN//EN" "http://www.springframework.org/dtd/spring-beans.dtd">

<beans>

	<bean id="dataSource" class="org.apache.commons.dbcp.BasicDataSource"
		destroy-method="close">
		<property name="driverClassName" value="com.mysql.jdbc.Driver" />
		<property name="url" value="jdbc:mysql://127.0.0.1:3306/test" />
		<property name="username" value="root"/>
		<property name="password" value="user"/>
	</bean>
	
	<bean id="org.sakaiproject.springframework.orm.hibernate.GlobalSessionFactory" name="sessionFactory"
		class="org.springframework.orm.hibernate3.LocalSessionFactoryBean">
		<property name="dataSource" ref="dataSource" />
		<property name="mappingResources">
			<list>
				<value>/uk/ac/ox/oucs/vle/Course.hbm.xml</value>
			</list>
		</property>
		<property name="hibernateProperties">
			<value>
				<!-- for mysql version 5.5 -->
				hibernate.dialect=org.hibernate.dialect.MySQL5InnoDBDialect
				hibernate.show_sql=true
				hibernate.use_sql_comments=true
				hibernate.hbm2ddl.auto=create-drop
			</value>
		</property>
	</bean>

	<!--  
	<bean class="uk.ac.ox.oucs.vle.SampleDataLoader" init-method="init">
		<property name="sessionFactory" ref="sessionFactory" />
	</bean>
	-->
	<bean id="org.sakaiproject.springframework.orm.hibernate.GlobalTransactionManager" 
		  name="transactionManager" 
		  class="org.springframework.orm.hibernate3.HibernateTransactionManager">
		<property name="sessionFactory">
			<ref bean="org.sakaiproject.springframework.orm.hibernate.GlobalSessionFactory" />
		</property>
		
	
	</bean>

	<bean name="uk.ac.ox.oucs.vle.SakaiProxy" class="uk.ac.ox.oucs.vle.proxy.SakaiProxyTest" >
	</bean>
	
	<bean id="uk.ac.ox.oucs.vle.PopulatorInput"
		class="uk.ac.ox.oucs.vle.TestPopulatorInput" >
	</bean>

</beans>

