<?xml version="1.0" encoding="UTF-8"?>
<!DOCTYPE beans PUBLIC "-//SPRING//DTD BEAN//EN" "http://www.springframework.org/dtd/spring-beans.dtd">

<beans>

	<bean id="dataSource" class="org.apache.commons.dbcp.BasicDataSource"
		destroy-method="close">
		<property name="driverClassName" value="com.mysql.jdbc.Driver" />
		<property name="url" value="jdbc:mysql://127.0.0.1:3306/test" />
		<property name="username" value="root"/>
		<property name="password" value="user"/>
	</bean>
	
	<bean id="org.sakaiproject.springframework.orm.hibernate.GlobalSessionFactory" name="sessionFactory"
		class="org.springframework.orm.hibernate3.LocalSessionFactoryBean">
		<property name="dataSource" ref="dataSource" />
		<property name="mappingResources">
			<list>
				<value>/uk/ac/ox/oucs/vle/Course.hbm.xml</value>
			</list>
		</property>
		<property name="hibernateProperties">
			<value>
				<!-- for mysql version 5.5 -->
				hibernate.dialect=org.hibernate.dialect.MySQL5InnoDBDialect
				hibernate.show_sql=true
				hibernate.use_sql_comments=true
				hibernate.hbm2ddl.auto=create-drop
			</value>
		</property>
	</bean>

	<bean class="uk.ac.ox.oucs.vle.SampleDataLoader" init-method="init">
		<property name="sessionFactory" ref="sessionFactory" />
	</bean>
	
	<bean id="org.sakaiproject.springframework.orm.hibernate.GlobalTransactionManager" 
		  name="transactionManager" 
		  class="org.springframework.jdbc.datasource.DataSourceTransactionManager">
			<property name="dataSource" ref="dataSource"/>
	</bean>

	<bean name="uk.ac.ox.oucs.vle.SakaiProxy" class="uk.ac.ox.oucs.vle.proxy.SakaiProxyTest" >
	</bean>

	<!--  
	<bean id="uk.ac.ox.oucs.vle.DaisyPopulatorJobWrapper"
		class="org.sakaiproject.component.app.scheduler.jobs.SpringConfigurableJobBeanWrapper"
		singleton="true" init-method="init">
		<property name="beanId" value="uk.ac.ox.oucs.vle.DaisyPopulatorJob" />
		<property name="jobName" value="SES Import Daisy Courses" />
		<property name="schedulerManager"
			ref="org.sakaiproject.api.app.scheduler.SchedulerManager" />
		<property name="resourceBundleBase" value="uk.ac.ox.oucs.vle.Scheduler" />
		<property name="configurableJobProperties">
			<set>
				<bean id="daisy.uri.property" class="org.sakaiproject.component.app.scheduler.jobs.SpringConfigurableJobProperty">
					<property name="descriptionResourceKey" value="xcri.oxcap.populator.uri" />
					<property name="labelResourceKey" value="xcri.oxcap.populator.uri" />
				</bean>
				<bean id="daisy.user.property" class="org.sakaiproject.component.app.scheduler.jobs.SpringConfigurableJobProperty">
					<property name="descriptionResourceKey" value="xcri.oxcap.populator.username" />
					<property name="labelResourceKey" value="xcri.oxcap.populator.username" />
				</bean>
				<bean id="daisy.password.property" class="org.sakaiproject.component.app.scheduler.jobs.SpringConfigurableJobProperty">
					<property name="descriptionResourceKey" value="xcri.oxcap.populator.password" />
					<property name="labelResourceKey" value="xcri.oxcap.populator.password" />
				</bean>
				<bean id="daisy.name.property" class="org.sakaiproject.component.app.scheduler.jobs.SpringConfigurableJobProperty">
					<property name="descriptionResourceKey" value="xcri.oxcap.populator.name" />
					<property name="labelResourceKey" value="xcri.oxcap.populator.name" />
				</bean>
			</set>
		</property>
	</bean>

	<bean id="uk.ac.ox.oucs.vle.OxcapPopulatorJobWrapper"
		class="org.sakaiproject.component.app.scheduler.jobs.SpringConfigurableJobBeanWrapper"
		singleton="true" init-method="init">
		<property name="beanId" value="uk.ac.ox.oucs.vle.OxcapPopulatorJob" />
		<property name="jobName" value="SES Import Oxcap Courses" />
		<property name="schedulerManager"
			ref="org.sakaiproject.api.app.scheduler.SchedulerManager" />
		<property name="resourceBundleBase" value="uk.ac.ox.oucs.vle.Scheduler" />
		<property name="configurableJobProperties">
			<set>
				<bean id="oxcap.uri.property" class="org.sakaiproject.component.app.scheduler.jobs.SpringConfigurableJobProperty">
					<property name="descriptionResourceKey" value="xcri.oxcap.populator.uri" />
					<property name="labelResourceKey" value="xcri.oxcap.populator.uri" />
				</bean>
				<bean id="oxcap.user.property" class="org.sakaiproject.component.app.scheduler.jobs.SpringConfigurableJobProperty">
					<property name="descriptionResourceKey" value="xcri.oxcap.populator.username" />
					<property name="labelResourceKey" value="xcri.oxcap.populator.username" />
				</bean>
				<bean id="oxcap.password.property" class="org.sakaiproject.component.app.scheduler.jobs.SpringConfigurableJobProperty">
					<property name="descriptionResourceKey" value="xcri.oxcap.populator.password" />
					<property name="labelResourceKey" value="xcri.oxcap.populator.password" />
				</bean>
				<bean id="oxcap.name.property" class="org.sakaiproject.component.app.scheduler.jobs.SpringConfigurableJobProperty">
					<property name="descriptionResourceKey" value="xcri.oxcap.populator.name" />
					<property name="labelResourceKey" value="xcri.oxcap.populator.name" />
				</bean>
			</set>
		</property>
	</bean>

	<bean id="uk.ac.ox.oucs.vle.ModuleJobWrapper"
		class="org.sakaiproject.component.app.scheduler.jobs.SpringJobBeanWrapper"
		singleton="true" init-method="init">
		<property name="beanId" value="uk.ac.ox.oucs.vle.ModuleJob" />
		<property name="jobName" value="Module Signup (SES) Overnight Jobs" />
		<property name="schedulerManager"
			ref="org.sakaiproject.api.app.scheduler.SchedulerManager" />
	</bean>
	
	<bean id="uk.ac.ox.oucs.vle.OucsDeptJobWrapper"
		class="org.sakaiproject.component.app.scheduler.jobs.SpringJobBeanWrapper"
		singleton="true" init-method="init">
		<property name="beanId" value="uk.ac.ox.oucs.vle.OucsDeptJob" />
		<property name="jobName" value="Generate the OUCS Department data" />
		<property name="schedulerManager"
			ref="org.sakaiproject.api.app.scheduler.SchedulerManager" />
	</bean>
	-->
	
	<!-- Automatically setup the tool. -->
	<!-- 
	<bean class="uk.ac.ox.oucs.vle.AutoSetup" init-method="init" lazy-init="false">
		<property name="schedulerManager" ref="org.sakaiproject.api.app.scheduler.SchedulerManager" />
		<property name="serverConfigurationService" ref="org.sakaiproject.component.api.ServerConfigurationService"/>
		<property name="jobs">
			<list>
				<ref bean="uk.ac.ox.oucs.vle.OucsDeptJobWrapper"/> 
				<ref bean="uk.ac.ox.oucs.vle.DaisyPopulatorJobWrapper"/>
				<ref bean="uk.ac.ox.oucs.vle.OxcapPopulatorJobWrapper"/>
			</list>
		</property>
	</bean>
	 -->
</beans>

